Analysis & Synthesis report for Data_path
Wed Oct 06 15:31:24 2021
Quartus II 64-Bit Version 13.1.0 Build 162 10/23/2013 SJ Web Edition


---------------------
; Table of Contents ;
---------------------
  1. Legal Notice
  2. Analysis & Synthesis Summary
  3. Analysis & Synthesis Settings
  4. Parallel Compilation
  5. Analysis & Synthesis Source Files Read
  6. Analysis & Synthesis Resource Usage Summary
  7. Analysis & Synthesis Resource Utilization by Entity
  8. User-Specified and Inferred Latches
  9. General Register Statistics
 10. Inverted Register Statistics
 11. Multiplexer Restructuring Statistics (Restructuring Performed)
 12. Parameter Settings for User Entity Instance: Top-level Entity: |Data_path
 13. Parameter Settings for User Entity Instance: register_file:REG_FILE
 14. Parameter Settings for User Entity Instance: alu:ALU_block
 15. Port Connectivity Checks: "alu:ALU_block|ripple_carry_adder:SUM1"
 16. Port Connectivity Checks: "alu:ALU_block|ripple_carry_adder:SUM0|full_adder:\G0:0:G1:F0"
 17. Port Connectivity Checks: "alu:ALU_block|ripple_carry_adder:SUM0|full_adder:\G0:2:G2:F0"
 18. Elapsed Time Per Partition
 19. Analysis & Synthesis Messages



----------------
; Legal Notice ;
----------------
Copyright (C) 1991-2013 Altera Corporation
Your use of Altera Corporation's design tools, logic functions 
and other software and tools, and its AMPP partner logic 
functions, and any output files from any of the foregoing 
(including device programming or simulation files), and any 
associated documentation or information are expressly subject 
to the terms and conditions of the Altera Program License 
Subscription Agreement, Altera MegaCore Function License 
Agreement, or other applicable license agreement, including, 
without limitation, that your use is for the sole purpose of 
programming logic devices manufactured by Altera and sold by 
Altera or its authorized distributors.  Please refer to the 
applicable agreement for further details.



+---------------------------------------------------------------------------------+
; Analysis & Synthesis Summary                                                    ;
+------------------------------------+--------------------------------------------+
; Analysis & Synthesis Status        ; Successful - Wed Oct 06 15:31:23 2021      ;
; Quartus II 64-Bit Version          ; 13.1.0 Build 162 10/23/2013 SJ Web Edition ;
; Revision Name                      ; Data_path                                  ;
; Top-level Entity Name              ; Data_path                                  ;
; Family                             ; Cyclone IV E                               ;
; Total logic elements               ; 81                                         ;
;     Total combinational functions  ; 71                                         ;
;     Dedicated logic registers      ; 45                                         ;
; Total registers                    ; 45                                         ;
; Total pins                         ; 26                                         ;
; Total virtual pins                 ; 0                                          ;
; Total memory bits                  ; 0                                          ;
; Embedded Multiplier 9-bit elements ; 0                                          ;
; Total PLLs                         ; 0                                          ;
+------------------------------------+--------------------------------------------+


+----------------------------------------------------------------------------------------------------------------------+
; Analysis & Synthesis Settings                                                                                        ;
+----------------------------------------------------------------------------+--------------------+--------------------+
; Option                                                                     ; Setting            ; Default Value      ;
+----------------------------------------------------------------------------+--------------------+--------------------+
; Device                                                                     ; EP4CE115F29C7      ;                    ;
; Top-level entity name                                                      ; Data_path          ; Data_path          ;
; Family name                                                                ; Cyclone IV E       ; Cyclone IV GX      ;
; Use smart compilation                                                      ; Off                ; Off                ;
; Enable parallel Assembler and TimeQuest Timing Analyzer during compilation ; On                 ; On                 ;
; Enable compact report table                                                ; Off                ; Off                ;
; Restructure Multiplexers                                                   ; Auto               ; Auto               ;
; Create Debugging Nodes for IP Cores                                        ; Off                ; Off                ;
; Preserve fewer node names                                                  ; On                 ; On                 ;
; Disable OpenCore Plus hardware evaluation                                  ; Off                ; Off                ;
; Verilog Version                                                            ; Verilog_2001       ; Verilog_2001       ;
; VHDL Version                                                               ; VHDL_1993          ; VHDL_1993          ;
; State Machine Processing                                                   ; Auto               ; Auto               ;
; Safe State Machine                                                         ; Off                ; Off                ;
; Extract Verilog State Machines                                             ; On                 ; On                 ;
; Extract VHDL State Machines                                                ; On                 ; On                 ;
; Ignore Verilog initial constructs                                          ; Off                ; Off                ;
; Iteration limit for constant Verilog loops                                 ; 5000               ; 5000               ;
; Iteration limit for non-constant Verilog loops                             ; 250                ; 250                ;
; Add Pass-Through Logic to Inferred RAMs                                    ; On                 ; On                 ;
; Infer RAMs from Raw Logic                                                  ; On                 ; On                 ;
; Parallel Synthesis                                                         ; On                 ; On                 ;
; DSP Block Balancing                                                        ; Auto               ; Auto               ;
; NOT Gate Push-Back                                                         ; On                 ; On                 ;
; Power-Up Don't Care                                                        ; On                 ; On                 ;
; Remove Redundant Logic Cells                                               ; Off                ; Off                ;
; Remove Duplicate Registers                                                 ; On                 ; On                 ;
; Ignore CARRY Buffers                                                       ; Off                ; Off                ;
; Ignore CASCADE Buffers                                                     ; Off                ; Off                ;
; Ignore GLOBAL Buffers                                                      ; Off                ; Off                ;
; Ignore ROW GLOBAL Buffers                                                  ; Off                ; Off                ;
; Ignore LCELL Buffers                                                       ; Off                ; Off                ;
; Ignore SOFT Buffers                                                        ; On                 ; On                 ;
; Limit AHDL Integers to 32 Bits                                             ; Off                ; Off                ;
; Optimization Technique                                                     ; Balanced           ; Balanced           ;
; Carry Chain Length                                                         ; 70                 ; 70                 ;
; Auto Carry Chains                                                          ; On                 ; On                 ;
; Auto Open-Drain Pins                                                       ; On                 ; On                 ;
; Perform WYSIWYG Primitive Resynthesis                                      ; Off                ; Off                ;
; Auto ROM Replacement                                                       ; On                 ; On                 ;
; Auto RAM Replacement                                                       ; On                 ; On                 ;
; Auto DSP Block Replacement                                                 ; On                 ; On                 ;
; Auto Shift Register Replacement                                            ; Auto               ; Auto               ;
; Allow Shift Register Merging across Hierarchies                            ; Auto               ; Auto               ;
; Auto Clock Enable Replacement                                              ; On                 ; On                 ;
; Strict RAM Replacement                                                     ; Off                ; Off                ;
; Allow Synchronous Control Signals                                          ; On                 ; On                 ;
; Force Use of Synchronous Clear Signals                                     ; Off                ; Off                ;
; Auto RAM Block Balancing                                                   ; On                 ; On                 ;
; Auto RAM to Logic Cell Conversion                                          ; Off                ; Off                ;
; Auto Resource Sharing                                                      ; Off                ; Off                ;
; Allow Any RAM Size For Recognition                                         ; Off                ; Off                ;
; Allow Any ROM Size For Recognition                                         ; Off                ; Off                ;
; Allow Any Shift Register Size For Recognition                              ; Off                ; Off                ;
; Use LogicLock Constraints during Resource Balancing                        ; On                 ; On                 ;
; Ignore translate_off and synthesis_off directives                          ; Off                ; Off                ;
; Timing-Driven Synthesis                                                    ; On                 ; On                 ;
; Report Parameter Settings                                                  ; On                 ; On                 ;
; Report Source Assignments                                                  ; On                 ; On                 ;
; Report Connectivity Checks                                                 ; On                 ; On                 ;
; Ignore Maximum Fan-Out Assignments                                         ; Off                ; Off                ;
; Synchronization Register Chain Length                                      ; 2                  ; 2                  ;
; PowerPlay Power Optimization                                               ; Normal compilation ; Normal compilation ;
; HDL message level                                                          ; Level2             ; Level2             ;
; Suppress Register Optimization Related Messages                            ; Off                ; Off                ;
; Number of Removed Registers Reported in Synthesis Report                   ; 5000               ; 5000               ;
; Number of Swept Nodes Reported in Synthesis Report                         ; 5000               ; 5000               ;
; Number of Inverted Registers Reported in Synthesis Report                  ; 100                ; 100                ;
; Clock MUX Protection                                                       ; On                 ; On                 ;
; Auto Gated Clock Conversion                                                ; Off                ; Off                ;
; Block Design Naming                                                        ; Auto               ; Auto               ;
; SDC constraint protection                                                  ; Off                ; Off                ;
; Synthesis Effort                                                           ; Auto               ; Auto               ;
; Shift Register Replacement - Allow Asynchronous Clear Signal               ; On                 ; On                 ;
; Pre-Mapping Resynthesis Optimization                                       ; Off                ; Off                ;
; Analysis & Synthesis Message Level                                         ; Medium             ; Medium             ;
; Disable Register Merging Across Hierarchies                                ; Auto               ; Auto               ;
; Resource Aware Inference For Block RAM                                     ; On                 ; On                 ;
; Synthesis Seed                                                             ; 1                  ; 1                  ;
+----------------------------------------------------------------------------+--------------------+--------------------+


Parallel compilation was disabled, but you have multiple processors available. Enable parallel compilation to reduce compilation time.
+-------------------------------------+
; Parallel Compilation                ;
+----------------------------+--------+
; Processors                 ; Number ;
+----------------------------+--------+
; Number detected on machine ; 6      ;
; Maximum allowed            ; 1      ;
+----------------------------+--------+


+-----------------------------------------------------------------------------------------------------------------------------------------------------------------+
; Analysis & Synthesis Source Files Read                                                                                                                          ;
+----------------------------------+-----------------+-----------------+--------------------------------------------------------------------------------+---------+
; File Name with User-Entered Path ; Used in Netlist ; File Type       ; File Name with Absolute Path                                                   ; Library ;
+----------------------------------+-----------------+-----------------+--------------------------------------------------------------------------------+---------+
; ripple_carry_adder.vhd           ; yes             ; User VHDL File  ; C:/Users/mahmo/OneDrive/Desktop/kth/Digital Design/lab2/ripple_carry_adder.vhd ;         ;
; register_file.vhd                ; yes             ; User VHDL File  ; C:/Users/mahmo/OneDrive/Desktop/kth/Digital Design/lab2/register_file.vhd      ;         ;
; full_adder.vhd                   ; yes             ; User VHDL File  ; C:/Users/mahmo/OneDrive/Desktop/kth/Digital Design/lab2/full_adder.vhd         ;         ;
; Data_path.vhd                    ; yes             ; User VHDL File  ; C:/Users/mahmo/OneDrive/Desktop/kth/Digital Design/lab2/Data_path.vhd          ;         ;
; Clock_Divider.vhd                ; yes             ; User VHDL File  ; C:/Users/mahmo/OneDrive/Desktop/kth/Digital Design/lab2/Clock_Divider.vhd      ;         ;
; alu.vhd                          ; yes             ; User VHDL File  ; C:/Users/mahmo/OneDrive/Desktop/kth/Digital Design/lab2/alu.vhd                ;         ;
+----------------------------------+-----------------+-----------------+--------------------------------------------------------------------------------+---------+


+-----------------------------------------------------------+
; Analysis & Synthesis Resource Usage Summary               ;
+---------------------------------------------+-------------+
; Resource                                    ; Usage       ;
+---------------------------------------------+-------------+
; Estimated Total logic elements              ; 81          ;
;                                             ;             ;
; Total combinational functions               ; 71          ;
; Logic element usage by number of LUT inputs ;             ;
;     -- 4 input functions                    ; 23          ;
;     -- 3 input functions                    ; 21          ;
;     -- <=2 input functions                  ; 27          ;
;                                             ;             ;
; Logic elements by mode                      ;             ;
;     -- normal mode                          ; 46          ;
;     -- arithmetic mode                      ; 25          ;
;                                             ;             ;
; Total registers                             ; 45          ;
;     -- Dedicated logic registers            ; 45          ;
;     -- I/O registers                        ; 0           ;
;                                             ;             ;
; I/O pins                                    ; 26          ;
; Embedded Multiplier 9-bit elements          ; 0           ;
; Maximum fan-out node                        ; D_clk~input ;
; Maximum fan-out                             ; 27          ;
; Total fan-out                               ; 368         ;
; Average fan-out                             ; 2.19        ;
+---------------------------------------------+-------------+


+----------------------------------------------------------------------------------------------------------------------------------------------------------------------------------------------+
; Analysis & Synthesis Resource Utilization by Entity                                                                                                                                          ;
+------------------------------+-------------------+--------------+-------------+--------------+---------+-----------+------+--------------+------------------------------------+--------------+
; Compilation Hierarchy Node   ; LC Combinationals ; LC Registers ; Memory Bits ; DSP Elements ; DSP 9x9 ; DSP 18x18 ; Pins ; Virtual Pins ; Full Hierarchy Name                ; Library Name ;
+------------------------------+-------------------+--------------+-------------+--------------+---------+-----------+------+--------------+------------------------------------+--------------+
; |Data_path                   ; 71 (3)            ; 45 (0)       ; 0           ; 0            ; 0       ; 0         ; 26   ; 0            ; |Data_path                         ; work         ;
;    |Clock_Divider:CLOCK_DIV| ; 27 (27)           ; 27 (27)      ; 0           ; 0            ; 0       ; 0         ; 0    ; 0            ; |Data_path|Clock_Divider:CLOCK_DIV ; work         ;
;    |alu:ALU_block|           ; 19 (19)           ; 6 (6)        ; 0           ; 0            ; 0       ; 0         ; 0    ; 0            ; |Data_path|alu:ALU_block           ; work         ;
;    |register_file:REG_FILE|  ; 22 (22)           ; 12 (12)      ; 0           ; 0            ; 0       ; 0         ; 0    ; 0            ; |Data_path|register_file:REG_FILE  ; work         ;
+------------------------------+-------------------+--------------+-------------+--------------+---------+-----------+------+--------------+------------------------------------+--------------+
Note: For table entries with two numbers listed, the numbers in parentheses indicate the number of resources of the given type used by the specific entity alone. The numbers listed outside of parentheses indicate the total resources of the given type used by the specific entity and all of its sub-entities in the hierarchy.


+---------------------------------------------------------------------------------------------------+
; User-Specified and Inferred Latches                                                               ;
+----------------------------------------------------+---------------------+------------------------+
; Latch Name                                         ; Latch Enable Signal ; Free of Timing Hazards ;
+----------------------------------------------------+---------------------+------------------------+
; register_file:REG_FILE|QB[1]                       ; D_RB_sig            ; yes                    ;
; register_file:REG_FILE|QA[1]                       ; D_RA_sig            ; yes                    ;
; register_file:REG_FILE|QB[0]                       ; D_RB_sig            ; yes                    ;
; register_file:REG_FILE|QA[0]                       ; D_RA_sig            ; yes                    ;
; register_file:REG_FILE|QB[2]                       ; D_RB_sig            ; yes                    ;
; register_file:REG_FILE|QA[2]                       ; D_RA_sig            ; yes                    ;
; Number of user-specified and inferred latches = 6  ;                     ;                        ;
+----------------------------------------------------+---------------------+------------------------+
Note: All latches listed above may not be present at the end of synthesis due to various synthesis optimizations.


+------------------------------------------------------+
; General Register Statistics                          ;
+----------------------------------------------+-------+
; Statistic                                    ; Value ;
+----------------------------------------------+-------+
; Total registers                              ; 45    ;
; Number of registers using Synchronous Clear  ; 0     ;
; Number of registers using Synchronous Load   ; 0     ;
; Number of registers using Asynchronous Clear ; 18    ;
; Number of registers using Asynchronous Load  ; 0     ;
; Number of registers using Clock Enable       ; 18    ;
; Number of registers using Preset             ; 0     ;
+----------------------------------------------+-------+


+--------------------------------------------------+
; Inverted Register Statistics                     ;
+----------------------------------------+---------+
; Inverted Register                      ; Fan out ;
+----------------------------------------+---------+
; alu:ALU_block|z_f                      ; 1       ;
; Total number of inverted registers = 1 ;         ;
+----------------------------------------+---------+


+------------------------------------------------------------------------------------------------------------------------------------------------------+
; Multiplexer Restructuring Statistics (Restructuring Performed)                                                                                       ;
+--------------------+-----------+---------------+----------------------+------------------------+------------+----------------------------------------+
; Multiplexer Inputs ; Bus Width ; Baseline Area ; Area if Restructured ; Saving if Restructured ; Registered ; Example Multiplexer Output             ;
+--------------------+-----------+---------------+----------------------+------------------------+------------+----------------------------------------+
; 4:1                ; 3 bits    ; 6 LEs         ; 6 LEs                ; 0 LEs                  ; No         ; |Data_path|register_file:REG_FILE|Mux0 ;
; 4:1                ; 3 bits    ; 6 LEs         ; 6 LEs                ; 0 LEs                  ; No         ; |Data_path|register_file:REG_FILE|Mux3 ;
; 8:1                ; 2 bits    ; 10 LEs        ; 8 LEs                ; 2 LEs                  ; No         ; |Data_path|alu:ALU_block|Mux1          ;
+--------------------+-----------+---------------+----------------------+------------------------+------------+----------------------------------------+


+---------------------------------------------------------------------------+
; Parameter Settings for User Entity Instance: Top-level Entity: |Data_path ;
+----------------+-------+--------------------------------------------------+
; Parameter Name ; Value ; Type                                             ;
+----------------+-------+--------------------------------------------------+
; N              ; 3     ; Signed Integer                                   ;
; M              ; 2     ; Signed Integer                                   ;
+----------------+-------+--------------------------------------------------+
Note: In order to hide this table in the UI and the text report file, please set the "Show Parameter Settings in Synthesis Report" option in "Analysis and Synthesis Settings -> More Settings" to "Off".


+---------------------------------------------------------------------+
; Parameter Settings for User Entity Instance: register_file:REG_FILE ;
+----------------+-------+--------------------------------------------+
; Parameter Name ; Value ; Type                                       ;
+----------------+-------+--------------------------------------------+
; n              ; 3     ; Signed Integer                             ;
; m              ; 2     ; Signed Integer                             ;
+----------------+-------+--------------------------------------------+
Note: In order to hide this table in the UI and the text report file, please set the "Show Parameter Settings in Synthesis Report" option in "Analysis and Synthesis Settings -> More Settings" to "Off".


+------------------------------------------------------------+
; Parameter Settings for User Entity Instance: alu:ALU_block ;
+----------------+-------+-----------------------------------+
; Parameter Name ; Value ; Type                              ;
+----------------+-------+-----------------------------------+
; n              ; 3     ; Signed Integer                    ;
+----------------+-------+-----------------------------------+
Note: In order to hide this table in the UI and the text report file, please set the "Show Parameter Settings in Synthesis Report" option in "Analysis and Synthesis Settings -> More Settings" to "Off".


+-------------------------------------------------------------------+
; Port Connectivity Checks: "alu:ALU_block|ripple_carry_adder:SUM1" ;
+---------+-------+----------+--------------------------------------+
; Port    ; Type  ; Severity ; Details                              ;
+---------+-------+----------+--------------------------------------+
; b[2..1] ; Input ; Info     ; Stuck at GND                         ;
; b[0]    ; Input ; Info     ; Stuck at VCC                         ;
+---------+-------+----------+--------------------------------------+


+------------------------------------------------------------------------------------------+
; Port Connectivity Checks: "alu:ALU_block|ripple_carry_adder:SUM0|full_adder:\G0:0:G1:F0" ;
+------+-------+----------+----------------------------------------------------------------+
; Port ; Type  ; Severity ; Details                                                        ;
+------+-------+----------+----------------------------------------------------------------+
; cin  ; Input ; Info     ; Stuck at GND                                                   ;
+------+-------+----------+----------------------------------------------------------------+


+----------------------------------------------------------------------------------------------------------------+
; Port Connectivity Checks: "alu:ALU_block|ripple_carry_adder:SUM0|full_adder:\G0:2:G2:F0"                       ;
+------+--------+----------+-------------------------------------------------------------------------------------+
; Port ; Type   ; Severity ; Details                                                                             ;
+------+--------+----------+-------------------------------------------------------------------------------------+
; cout ; Output ; Info     ; Connected to dangling logic. Logic that only feeds a dangling port will be removed. ;
+------+--------+----------+-------------------------------------------------------------------------------------+


+-------------------------------+
; Elapsed Time Per Partition    ;
+----------------+--------------+
; Partition Name ; Elapsed Time ;
+----------------+--------------+
; Top            ; 00:00:00     ;
+----------------+--------------+


+-------------------------------+
; Analysis & Synthesis Messages ;
+-------------------------------+
Info: *******************************************************************
Info: Running Quartus II 64-Bit Analysis & Synthesis
    Info: Version 13.1.0 Build 162 10/23/2013 SJ Web Edition
    Info: Processing started: Wed Oct 06 15:31:21 2021
Info: Command: quartus_map --read_settings_files=on --write_settings_files=off Data_path -c Data_path
Warning (20028): Parallel compilation is not licensed and has been disabled
Info (12021): Found 2 design units, including 1 entities, in source file ripple_carry_adder_tb.vhd
    Info (12022): Found design unit 1: ripple_carry_adder_tb-test
    Info (12023): Found entity 1: ripple_carry_adder_tb
Info (12021): Found 2 design units, including 1 entities, in source file ripple_carry_adder.vhd
    Info (12022): Found design unit 1: ripple_carry_adder-structure
    Info (12023): Found entity 1: ripple_carry_adder
Info (12021): Found 2 design units, including 1 entities, in source file register_file_tb.vhd
    Info (12022): Found design unit 1: register_file_tb-behave
    Info (12023): Found entity 1: register_file_tb
Info (12021): Found 2 design units, including 1 entities, in source file register_file.vhd
    Info (12022): Found design unit 1: register_file-behave
    Info (12023): Found entity 1: register_file
Info (12021): Found 2 design units, including 1 entities, in source file full_adder_tb.vhd
    Info (12022): Found design unit 1: full_adder_tb-behave
    Info (12023): Found entity 1: full_adder_tb
Info (12021): Found 2 design units, including 1 entities, in source file full_adder.vhd
    Info (12022): Found design unit 1: full_adder-structure
    Info (12023): Found entity 1: full_adder
Info (12021): Found 2 design units, including 0 entities, in source file debug_std_logic_1164.vhd
    Info (12022): Found design unit 1: print
    Info (12022): Found design unit 2: print-body
Info (12021): Found 2 design units, including 1 entities, in source file data_path_tb.vhd
    Info (12022): Found design unit 1: Data_path_tb-behave
    Info (12023): Found entity 1: Data_path_tb
Info (12021): Found 2 design units, including 1 entities, in source file data_path.vhd
    Info (12022): Found design unit 1: Data_path-behave
    Info (12023): Found entity 1: Data_path
Info (12021): Found 1 design units, including 0 entities, in source file code.vhd
    Info (12022): Found design unit 1: micro_assembly_code
Info (12021): Found 2 design units, including 1 entities, in source file clock_divider_tb.vhd
    Info (12022): Found design unit 1: Clock_Divider_tb-behave
    Info (12023): Found entity 1: Clock_Divider_tb
Info (12021): Found 2 design units, including 1 entities, in source file clock_divider.vhd
    Info (12022): Found design unit 1: Clock_Divider-behave
    Info (12023): Found entity 1: Clock_Divider
Info (12021): Found 2 design units, including 1 entities, in source file alu_tb.vhd
    Info (12022): Found design unit 1: alu_tb-behave
    Info (12023): Found entity 1: alu_tb
Info (12021): Found 2 design units, including 1 entities, in source file alu.vhd
    Info (12022): Found design unit 1: alu-structure
    Info (12023): Found entity 1: alu
Info (12127): Elaborating entity "Data_path" for the top level hierarchy
Warning (10036): Verilog HDL or VHDL warning at Data_path.vhd(72): object "WD_TEMP" assigned a value but never read
Warning (10492): VHDL Process Statement warning at Data_path.vhd(79): signal "D_WD" is read inside the Process Statement but isn't in the Process Statement's sensitivity list
Warning (10492): VHDL Process Statement warning at Data_path.vhd(81): signal "TEMP_SUM" is read inside the Process Statement but isn't in the Process Statement's sensitivity list
Info (12128): Elaborating entity "register_file" for hierarchy "register_file:REG_FILE"
Warning (10631): VHDL Process Statement warning at register_file.vhd(30): inferring latch(es) for signal or variable "QA", which holds its previous value in one or more paths through the process
Warning (10631): VHDL Process Statement warning at register_file.vhd(30): inferring latch(es) for signal or variable "QB", which holds its previous value in one or more paths through the process
Info (10041): Inferred latch for "QB[0]" at register_file.vhd(30)
Info (10041): Inferred latch for "QB[1]" at register_file.vhd(30)
Info (10041): Inferred latch for "QB[2]" at register_file.vhd(30)
Info (10041): Inferred latch for "QA[0]" at register_file.vhd(30)
Info (10041): Inferred latch for "QA[1]" at register_file.vhd(30)
Info (10041): Inferred latch for "QA[2]" at register_file.vhd(30)
Info (12128): Elaborating entity "alu" for hierarchy "alu:ALU_block"
Info (12128): Elaborating entity "ripple_carry_adder" for hierarchy "alu:ALU_block|ripple_carry_adder:SUM0"
Warning (10540): VHDL Signal Declaration warning at ripple_carry_adder.vhd(27): used explicit default value for signal "cin" because signal was never assigned a value
Info (12128): Elaborating entity "full_adder" for hierarchy "alu:ALU_block|ripple_carry_adder:SUM0|full_adder:\G0:2:G2:F0"
Info (12128): Elaborating entity "Clock_Divider" for hierarchy "Clock_Divider:CLOCK_DIV"
Warning (10492): VHDL Process Statement warning at Clock_Divider.vhd(21): signal "reg" is read inside the Process Statement but isn't in the Process Statement's sensitivity list
Info (13000): Registers with preset signals will power-up high
Info (13003): DEV_CLRn pin will set, and not reset, register with preset signal due to NOT Gate Push-Back
Info (286030): Timing-Driven Synthesis is running
Info (16010): Generating hard_block partition "hard_block:auto_generated_inst"
    Info (16011): Adding 0 node(s), including 0 DDIO, 0 PLL, 0 transceiver and 0 LCELL
Info (21057): Implemented 113 device resources after synthesis - the final resource count might be different
    Info (21058): Implemented 20 input pins
    Info (21059): Implemented 6 output pins
    Info (21061): Implemented 87 logic cells
Info: Quartus II 64-Bit Analysis & Synthesis was successful. 0 errors, 8 warnings
    Info: Peak virtual memory: 4653 megabytes
    Info: Processing ended: Wed Oct 06 15:31:24 2021
    Info: Elapsed time: 00:00:03
    Info: Total CPU time (on all processors): 00:00:03


